c:\users\ole\documents\visual studio 2013\projects\ip2location\ip2locationserver\src\debug\vc120.pdb
c:\users\ole\documents\visual studio 2013\projects\ip2location\ip2locationserver\src\debug\vc120.idb
c:\users\ole\documents\visual studio 2013\projects\ip2location\ip2locationserver\src\debug\adb_add.obj
c:\users\ole\documents\visual studio 2013\projects\ip2location\ip2locationserver\src\debug\adb_get.obj
c:\users\ole\documents\visual studio 2013\projects\ip2location\ip2locationserver\src\debug\adb_getresponse.obj
c:\users\ole\documents\visual studio 2013\projects\ip2location\ip2locationserver\src\debug\axis2_extension_mapper.obj
c:\users\ole\documents\visual studio 2013\projects\ip2location\ip2locationserver\src\debug\axis2_skel_iip2location.obj
c:\users\ole\documents\visual studio 2013\projects\ip2location\ip2locationserver\src\debug\axis2_svc_skel_iip2location.obj
c:\users\ole\documents\visual studio 2013\projects\ip2location\ip2locationserver\src\debug\adb_iip2location_location.obj
c:\users\ole\documents\visual studio 2013\projects\ip2location\debug\iip2locationserver.lib
c:\users\ole\documents\visual studio 2013\projects\ip2location\debug\iip2locationserver.exp
c:\users\ole\documents\visual studio 2013\projects\ip2location\debug\iip2locationserver.ilk
c:\users\ole\documents\visual studio 2013\projects\ip2location\debug\iip2locationserver.dll
c:\users\ole\documents\visual studio 2013\projects\ip2location\debug\iip2locationserver.pdb
c:\users\ole\documents\visual studio 2013\projects\ip2location\ip2locationserver\src\debug\iip2loca.8e2b90e4.tlog\cl.command.1.tlog
c:\users\ole\documents\visual studio 2013\projects\ip2location\ip2locationserver\src\debug\iip2loca.8e2b90e4.tlog\cl.read.1.tlog
c:\users\ole\documents\visual studio 2013\projects\ip2location\ip2locationserver\src\debug\iip2loca.8e2b90e4.tlog\cl.write.1.tlog
c:\users\ole\documents\visual studio 2013\projects\ip2location\ip2locationserver\src\debug\iip2loca.8e2b90e4.tlog\iip2locationserver.write.1u.tlog
c:\users\ole\documents\visual studio 2013\projects\ip2location\ip2locationserver\src\debug\iip2loca.8e2b90e4.tlog\link.command.1.tlog
c:\users\ole\documents\visual studio 2013\projects\ip2location\ip2locationserver\src\debug\iip2loca.8e2b90e4.tlog\link.read.1.tlog
c:\users\ole\documents\visual studio 2013\projects\ip2location\ip2locationserver\src\debug\iip2loca.8e2b90e4.tlog\link.write.1.tlog
