c:\users\ole\documents\visual studio 2013\projects\ip2location\ip2location\debug\ip2location.pch
c:\users\ole\documents\visual studio 2013\projects\ip2location\ip2location\debug\vc120.pdb
c:\users\ole\documents\visual studio 2013\projects\ip2location\ip2location\debug\vc120.idb
c:\users\ole\documents\visual studio 2013\projects\ip2location\ip2location\debug\stdafx.obj
c:\users\ole\documents\visual studio 2013\projects\ip2location\ip2location\debug\adb_add.obj
c:\users\ole\documents\visual studio 2013\projects\ip2location\ip2location\debug\adb_get.obj
c:\users\ole\documents\visual studio 2013\projects\ip2location\ip2location\debug\adb_getresponse.obj
c:\users\ole\documents\visual studio 2013\projects\ip2location\ip2location\debug\axis2_extension_mapper.obj
c:\users\ole\documents\visual studio 2013\projects\ip2location\ip2location\debug\axis2_stub_iip2location.obj
c:\users\ole\documents\visual studio 2013\projects\ip2location\ip2location\debug\ip2location.obj
c:\users\ole\documents\visual studio 2013\projects\ip2location\ip2location\debug\ip2locationclient.obj
c:\users\ole\documents\visual studio 2013\projects\ip2location\debug\ip2location.ilk
c:\users\ole\documents\visual studio 2013\projects\ip2location\debug\ip2location.exe
c:\users\ole\documents\visual studio 2013\projects\ip2location\debug\ip2location.pdb
c:\users\ole\documents\visual studio 2013\projects\ip2location\ip2location\debug\ip2locat.f2c7584d.tlog\cl.command.1.tlog
c:\users\ole\documents\visual studio 2013\projects\ip2location\ip2location\debug\ip2locat.f2c7584d.tlog\cl.read.1.tlog
c:\users\ole\documents\visual studio 2013\projects\ip2location\ip2location\debug\ip2locat.f2c7584d.tlog\cl.write.1.tlog
c:\users\ole\documents\visual studio 2013\projects\ip2location\ip2location\debug\ip2locat.f2c7584d.tlog\link.command.1.tlog
c:\users\ole\documents\visual studio 2013\projects\ip2location\ip2location\debug\ip2locat.f2c7584d.tlog\link.read.1.tlog
c:\users\ole\documents\visual studio 2013\projects\ip2location\ip2location\debug\ip2locat.f2c7584d.tlog\link.write.1.tlog
